<?xml version="1.0" encoding="UTF-8"?>
<testsuite name="com.swagger.api.bestbuyinfo.StoresCRUDTestWithSteps" time="0" tests="4" errors="4" skipped="0" failures="0">
  <properties>
[...]
</properties>
  <testcase name="test002" classname="com.swagger.api.bestbuyinfo.StoresCRUDTestWithSteps" time="0">
    <error type="java.lang.NullPointerException:">java.lang.NullPointerException: null
	at com.swagger.api.bestbuyinfo.StoresCRUDTestWithSteps.test002(StoresCRUDTestWithSteps.java:51)
</error>
    <system-err><![CDATA[6398 [main] ERROR net.serenitybdd.core.Serenity - 
           __  _____ _____ ____ _____   _____ _    ___ _     _____ ____  
  _       / / |_   _| ____/ ___|_   _| |  ___/ \  |_ _| |   | ____|  _ \ 
 (_)_____| |    | | |  _| \___ \ | |   | |_ / _ \  | || |   |  _| | | | |
  _|_____| |    | | | |___ ___) || |   |  _/ ___ \ | || |___| |___| |_| |
 (_)     | |    |_| |_____|____/ |_|   |_|/_/   \_\___|_____|_____|____/ 
          \_\                                                            

TEST FAILED: This will create new list into stores
--------------------------------------------------------------------------
6398 [main] ERROR net.serenitybdd.core.Serenity - 1 expectation failed.Expected status code <201> but was <404>.
6414 [pool-5-thread-1] INFO net.thucydides.core.reports.json.JSONTestOutcomeReporter - Generating JSON report for Update the store information and verify the updated information to file C:\Users\rinky\IdeaProjects\swagger-best-buy-api\target\site\serenity\f78a2ba057ea173a90a1f40c76d0ad27fd611f7d9192ce5117c4006f5ed00a9c.json (using temp file C:\Users\rinky\IdeaProjects\swagger-best-buy-api\target\site\serenity\f78a2ba057ea173a90a1f40c76d0ad27fd611f7d9192ce5117c4006f5ed00a9c.json7704bdbf-5e25-4c87-891f-6e7819f8c158)
6429 [pool-5-thread-2] INFO net.thucydides.core.reports.json.JSONTestOutcomeReporter - Generating JSON report for Delete the store and verify if that store is deleted! to file C:\Users\rinky\IdeaProjects\swagger-best-buy-api\target\site\serenity\c43b92be8b087d72fb391c5f3e6bbc776d2b9101617f6684d8ebf47bb6ae1f4f.json (using temp file C:\Users\rinky\IdeaProjects\swagger-best-buy-api\target\site\serenity\c43b92be8b087d72fb391c5f3e6bbc776d2b9101617f6684d8ebf47bb6ae1f4f.jsonb1e9bd77-bf07-46da-a118-c6bedab272ef)
6429 [pool-5-thread-3] INFO net.thucydides.core.reports.json.JSONTestOutcomeReporter - Generating JSON report for Verify if the stores was added to the application to file C:\Users\rinky\IdeaProjects\swagger-best-buy-api\target\site\serenity\c335bf542618db83cd08dba34d2195f5dbf130cab072ef0ab9736237e3f52101.json (using temp file C:\Users\rinky\IdeaProjects\swagger-best-buy-api\target\site\serenity\c335bf542618db83cd08dba34d2195f5dbf130cab072ef0ab9736237e3f52101.json5c87289e-6c0f-48eb-887d-ae5e553ef174)
6429 [pool-5-thread-4] INFO net.thucydides.core.reports.json.JSONTestOutcomeReporter - Generating JSON report for This will create new list into stores to file C:\Users\rinky\IdeaProjects\swagger-best-buy-api\target\site\serenity\7ca4386de602bad289309058d8a4215f64c6e74179f7b702f34727e33ebab7c4.json (using temp file C:\Users\rinky\IdeaProjects\swagger-best-buy-api\target\site\serenity\7ca4386de602bad289309058d8a4215f64c6e74179f7b702f34727e33ebab7c4.json5298606a-75b7-4164-b55b-86c33e60dc65)
6461 [pool-6-thread-1] INFO net.thucydides.core.reports.html.HtmlAcceptanceTestReporter - GENERATING HTML REPORT FOR Stores CRUD test:test003 in f78a2ba057ea173a90a1f40c76d0ad27fd611f7d9192ce5117c4006f5ed00a9c.html in directory target\site\serenity  
6461 [pool-6-thread-2] INFO net.thucydides.core.reports.html.HtmlAcceptanceTestReporter - GENERATING HTML REPORT FOR Stores CRUD test:test004 in c43b92be8b087d72fb391c5f3e6bbc776d2b9101617f6684d8ebf47bb6ae1f4f.html in directory target\site\serenity  
6461 [pool-6-thread-4] INFO net.thucydides.core.reports.html.HtmlAcceptanceTestReporter - GENERATING HTML REPORT FOR Stores CRUD test:createStores in 7ca4386de602bad289309058d8a4215f64c6e74179f7b702f34727e33ebab7c4.html in directory target\site\serenity  
6476 [pool-6-thread-3] INFO net.thucydides.core.reports.html.HtmlAcceptanceTestReporter - GENERATING HTML REPORT FOR Stores CRUD test:getStoreInfoById in c335bf542618db83cd08dba34d2195f5dbf130cab072ef0ab9736237e3f52101.html in directory target\site\serenity  
]]></system-err>
  </testcase>
  <testcase name="test003" classname="com.swagger.api.bestbuyinfo.StoresCRUDTestWithSteps" time="0">
    <error type="java.lang.NullPointerException:">java.lang.NullPointerException: null
	at com.swagger.api.bestbuyinfo.StoresCRUDTestWithSteps.test003(StoresCRUDTestWithSteps.java:61)
</error>
  </testcase>
  <testcase name="test004" classname="com.swagger.api.bestbuyinfo.StoresCRUDTestWithSteps" time="0">
    <error type="java.lang.NullPointerException:">java.lang.NullPointerException: null
	at com.swagger.api.bestbuyinfo.StoresCRUDTestWithSteps.test004(StoresCRUDTestWithSteps.java:70)
</error>
  </testcase>
  <testcase name="test01" classname="com.swagger.api.bestbuyinfo.StoresCRUDTestWithSteps" time="0">
    <error type="java.lang.NullPointerException:">java.lang.NullPointerException: null
	at com.swagger.api.bestbuyinfo.StoresCRUDTestWithSteps.test01(StoresCRUDTestWithSteps.java:42)
</error>
  </testcase>
</testsuite>