<?xml version="1.0" encoding="UTF-8"?>
<testsuite name="com.swagger.api.bestbuyinfo.ProductsCRUDTest" time="3.886" tests="4" errors="0" skipped="0" failures="1">
  <properties>
[...]
</properties>
  <testcase name="test001" classname="com.swagger.api.bestbuyinfo.ProductsCRUDTest" time="3.652"/>
  <testcase name="test002" classname="com.swagger.api.bestbuyinfo.ProductsCRUDTest" time="0.062"/>
  <testcase name="test003" classname="com.swagger.api.bestbuyinfo.ProductsCRUDTest" time="0.094">
    <failure message="&#10;Expected: map containing [ANYTHING-&gt;&quot;Practice-Energizer36078_updateName&quot;]&#10;     but: map was [&lt;image=http://img.bbystatic.com/BestBuy_US/images/products&gt;, &lt;upc=012562165141&gt;, &lt;description=Alkaline batteries; 1.5V&gt;, &lt;type=HardGood53852&gt;, &lt;url=http://www.bestbuy.com/site/&gt;, &lt;manufacturer=Energizer&gt;, &lt;createdAt=2022-06-07T00:55:32.839Z&gt;, &lt;shipping=15&gt;, &lt;price=5&gt;, &lt;name=Practice-Energizer36078&gt;, &lt;model=E91BP-4&gt;, &lt;id=9999685&gt;, &lt;categories=[]&gt;, &lt;updatedAt=2022-06-07T00:55:32.839Z&gt;]" type="java.lang.AssertionError"><![CDATA[java.lang.AssertionError: 
Expected: map containing [ANYTHING->"Practice-Energizer36078_updateName"]
     but: map was [<image=http://img.bbystatic.com/BestBuy_US/images/products>, <upc=012562165141>, <description=Alkaline batteries; 1.5V>, <type=HardGood53852>, <url=http://www.bestbuy.com/site/>, <manufacturer=Energizer>, <createdAt=2022-06-07T00:55:32.839Z>, <shipping=15>, <price=5>, <name=Practice-Energizer36078>, <model=E91BP-4>, <id=9999685>, <categories=[]>, <updatedAt=2022-06-07T00:55:32.839Z>]
	at org.hamcrest.MatcherAssert.assertThat(MatcherAssert.java:20)
	at org.junit.Assert.assertThat(Assert.java:956)
	at org.junit.Assert.assertThat(Assert.java:923)
	at com.swagger.api.bestbuyinfo.ProductsCRUDTest.test003(ProductsCRUDTest.java:60)
]]></failure>
    <system-out><![CDATA[Request method:	POST
Request URI:	http://localhost:3030/products/9999685
Proxy:			<none>
Request params:	<none>
Query params:	<none>
Form params:	<none>
Path params:	productID=9999685
Multiparts:		<none>
Headers:		Accept=*/*
				Content-Type=application/json; charset=UTF-8
Cookies:		<none>
Body:
{
    "name": "Practice-Energizer36078_updateName",
    "type": "HardGood53852",
    "price": 5,
    "shipping": 15,
    "upc": "012562165141",
    "description": "Alkaline batteries; 1.5V",
    "manufacturer": "Energizer",
    "model": "E91BP-4",
    "url": "http://www.bestbuy.com/site/",
    "image": "http://img.bbystatic.com/BestBuy_US/images/products"
}
Request method:	GET
Request URI:	http://localhost:3030/products/9999685
Proxy:			<none>
Request params:	<none>
Query params:	<none>
Form params:	<none>
Path params:	productID=9999685
Multiparts:		<none>
Headers:		Accept=*/*
Cookies:		<none>
Body:			<none>
]]></system-out>
    <system-err><![CDATA[4358 [main] INFO net.serenitybdd.core.Serenity - 
        __    _____ _____ ____ _____   ____   _    ____  ____  _____ ____  
  _     \ \  |_   _| ____/ ___|_   _| |  _ \ / \  / ___|/ ___|| ____|  _ \ 
 (_)_____| |   | | |  _| \___ \ | |   | |_) / _ \ \___ \\___ \|  _| | | | |
  _|_____| |   | | | |___ ___) || |   |  __/ ___ \ ___) |___) | |___| |_| |
 (_)     | |   |_| |_____|____/ |_|   |_| /_/   \_\____/|____/|_____|____/ 
        /_/                                                                

TEST PASSED: Verify if the product was added to the application
----------------------------------------------------------------------------
4358 [main] INFO net.serenitybdd.core.Serenity - 
 _____ _____ ____ _____   ____ _____  _    ____ _____ _____ ____  
|_   _| ____/ ___|_   _| / ___|_   _|/ \  |  _ \_   _| ____|  _ \ 
  | | |  _| \___ \ | |   \___ \ | | / _ \ | |_) || | |  _| | | | |
  | | | |___ ___) || |    ___) || |/ ___ \|  _ < | | | |___| |_| |
  |_| |_____|____/ |_|   |____/ |_/_/   \_\_| \_\|_| |_____|____/ 
                                                                  

TEST STARTED: test003
-------------------------------------------------------------------
4374 [main] INFO net.serenitybdd.core.Serenity - TEST NUMBER: 3
]]></system-err>
  </testcase>
  <testcase name="test004" classname="com.swagger.api.bestbuyinfo.ProductsCRUDTest" time="0.078"/>
</testsuite>