<?xml version="1.0" encoding="UTF-8"?><testsuite errors="0" failures="0" name="com.swagger.api.bestbuyinfo.CategoriesCRUDTest" skipped="0" tests="4" time="3.86" timestamp="2022-06-07T15:15:51.843+01:00[Europe/London]"><testcase classname="com.swagger.api.bestbuyinfo.CategoriesCRUDTest" name="This will create new categories"/><testcase classname="com.swagger.api.bestbuyinfo.CategoriesCRUDTest" name=" Verify the categories by name: {0}"/><testcase classname="com.swagger.api.bestbuyinfo.CategoriesCRUDTest" name=" Verify the categories by name: {0}"/><testcase classname="com.swagger.api.bestbuyinfo.CategoriesCRUDTest" name="Delete the product by ID"/></testsuite>