<?xml version="1.0" encoding="UTF-8"?><testsuite errors="0" failures="0" name="com.swagger.api.bestbuyinfo.ProductsCRUDTest" skipped="0" tests="4" time="3.83" timestamp="2022-06-07T02:05:24.974+01:00[Europe/London]"><testcase classname="com.swagger.api.bestbuyinfo.ProductsCRUDTest" name="This will create new product"/><testcase classname="com.swagger.api.bestbuyinfo.ProductsCRUDTest" name="Verify if the product was added to the application"/><testcase classname="com.swagger.api.bestbuyinfo.ProductsCRUDTest" name="Update product id "/><testcase classname="com.swagger.api.bestbuyinfo.ProductsCRUDTest" name="Delete the product by ID"/></testsuite>